CRITICAL - 2023-11-17 09:06:55 --> Invalid file: "content/coches.php"
in SYSTEMPATH\Exceptions\FrameworkException.php on line 39.
 1 SYSTEMPATH\View\View.php(216): CodeIgniter\Exceptions\FrameworkException::forInvalidFile('content/coches.php')
 2 SYSTEMPATH\Common.php(1190): CodeIgniter\View\View->render('content/coches', [], true)
 3 APPPATH\Controllers\Vehiculos.php(19): view('content/coches')
 4 SYSTEMPATH\CodeIgniter.php(942): App\Controllers\Vehiculos->coches()
 5 SYSTEMPATH\CodeIgniter.php(502): CodeIgniter\CodeIgniter->runController(Object(App\Controllers\Vehiculos))
 6 SYSTEMPATH\CodeIgniter.php(361): CodeIgniter\CodeIgniter->handleRequest(null, Object(Config\Cache), false)
 7 FCPATH\index.php(79): CodeIgniter\CodeIgniter->run()
CRITICAL - 2023-11-17 09:07:14 --> Invalid file: "content/coches.php"
in SYSTEMPATH\Exceptions\FrameworkException.php on line 39.
 1 SYSTEMPATH\View\View.php(216): CodeIgniter\Exceptions\FrameworkException::forInvalidFile('content/coches.php')
 2 SYSTEMPATH\Common.php(1190): CodeIgniter\View\View->render('content/coches', [], true)
 3 APPPATH\Controllers\Vehiculos.php(19): view('content/coches')
 4 SYSTEMPATH\CodeIgniter.php(942): App\Controllers\Vehiculos->coches()
 5 SYSTEMPATH\CodeIgniter.php(502): CodeIgniter\CodeIgniter->runController(Object(App\Controllers\Vehiculos))
 6 SYSTEMPATH\CodeIgniter.php(361): CodeIgniter\CodeIgniter->handleRequest(null, Object(Config\Cache), false)
 7 FCPATH\index.php(79): CodeIgniter\CodeIgniter->run()
CRITICAL - 2023-11-17 09:07:19 --> Invalid file: "content/coches.php"
in SYSTEMPATH\Exceptions\FrameworkException.php on line 39.
 1 SYSTEMPATH\View\View.php(216): CodeIgniter\Exceptions\FrameworkException::forInvalidFile('content/coches.php')
 2 SYSTEMPATH\Common.php(1190): CodeIgniter\View\View->render('content/coches', [], true)
 3 APPPATH\Controllers\Vehiculos.php(19): view('content/coches')
 4 SYSTEMPATH\CodeIgniter.php(942): App\Controllers\Vehiculos->coches()
 5 SYSTEMPATH\CodeIgniter.php(502): CodeIgniter\CodeIgniter->runController(Object(App\Controllers\Vehiculos))
 6 SYSTEMPATH\CodeIgniter.php(361): CodeIgniter\CodeIgniter->handleRequest(null, Object(Config\Cache), false)
 7 FCPATH\index.php(79): CodeIgniter\CodeIgniter->run()
